ARM GAS  /tmp/ccdi4GOt.s 			page 1


   1              		.cpu cortex-m4
   2              		.eabi_attribute 27, 1
   3              		.eabi_attribute 28, 1
   4              		.eabi_attribute 20, 1
   5              		.eabi_attribute 21, 1
   6              		.eabi_attribute 23, 3
   7              		.eabi_attribute 24, 1
   8              		.eabi_attribute 25, 1
   9              		.eabi_attribute 26, 1
  10              		.eabi_attribute 30, 1
  11              		.eabi_attribute 34, 1
  12              		.eabi_attribute 18, 4
  13              		.file	"main.c"
  14              		.text
  15              	.Ltext0:
  16              		.cfi_sections	.debug_frame
  17              		.section	.rodata.test_run_info.str1.4,"aMS",%progbits,1
  18              		.align	2
  19              	.LC0:
  20 0000 0A0D00   		.ascii	"\012\015\000"
  21              		.section	.text.test_run_info,"ax",%progbits
  22              		.align	1
  23              		.global	test_run_info
  24              		.arch armv7e-m
  25              		.syntax unified
  26              		.thumb
  27              		.thumb_func
  28              		.fpu fpv4-sp-d16
  30              	test_run_info:
  31              	.LVL0:
  32              	.LFB132:
  33              		.file 1 "Core/Src/main.c"
   1:Core/Src/main.c **** /* USER CODE BEGIN Header */
   2:Core/Src/main.c **** /**
   3:Core/Src/main.c ****   ******************************************************************************
   4:Core/Src/main.c ****   * @file           : main.c
   5:Core/Src/main.c ****   * @brief          : Main program body
   6:Core/Src/main.c ****   ******************************************************************************
   7:Core/Src/main.c ****   * @attention
   8:Core/Src/main.c ****   *
   9:Core/Src/main.c ****   * Copyright (c) 2025 STMicroelectronics.
  10:Core/Src/main.c ****   * All rights reserved.
  11:Core/Src/main.c ****   *
  12:Core/Src/main.c ****   * This software is licensed under terms that can be found in the LICENSE file
  13:Core/Src/main.c ****   * in the root directory of this software component.
  14:Core/Src/main.c ****   * If no LICENSE file comes with this software, it is provided AS-IS.
  15:Core/Src/main.c ****   *
  16:Core/Src/main.c ****   ******************************************************************************
  17:Core/Src/main.c ****   */
  18:Core/Src/main.c **** /* USER CODE END Header */
  19:Core/Src/main.c **** /* Includes ------------------------------------------------------------------*/
  20:Core/Src/main.c **** #include "main.h"
  21:Core/Src/main.c **** #include "spi.h"
  22:Core/Src/main.c **** #include "tim.h"
  23:Core/Src/main.c **** #include "usart.h"
  24:Core/Src/main.c **** #include "gpio.h"
  25:Core/Src/main.c **** 
ARM GAS  /tmp/ccdi4GOt.s 			page 2


  26:Core/Src/main.c **** /* Private includes ----------------------------------------------------------*/
  27:Core/Src/main.c **** /* USER CODE BEGIN Includes */
  28:Core/Src/main.c **** #include "examples_defines.h"
  29:Core/Src/main.c **** #include "port.h"
  30:Core/Src/main.c **** #include "string.h"
  31:Core/Src/main.c **** /* USER CODE END Includes */
  32:Core/Src/main.c **** 
  33:Core/Src/main.c **** /* Private typedef -----------------------------------------------------------*/
  34:Core/Src/main.c **** /* USER CODE BEGIN PTD */
  35:Core/Src/main.c **** 
  36:Core/Src/main.c **** /* USER CODE END PTD */
  37:Core/Src/main.c **** 
  38:Core/Src/main.c **** /* Private define ------------------------------------------------------------*/
  39:Core/Src/main.c **** /* USER CODE BEGIN PD */
  40:Core/Src/main.c **** void test_run_info(unsigned char *data);
  41:Core/Src/main.c **** 
  42:Core/Src/main.c **** /* USER CODE END PD */
  43:Core/Src/main.c **** 
  44:Core/Src/main.c **** /* Private macro -------------------------------------------------------------*/
  45:Core/Src/main.c **** /* USER CODE BEGIN PM */
  46:Core/Src/main.c **** 
  47:Core/Src/main.c **** /* USER CODE END PM */
  48:Core/Src/main.c **** 
  49:Core/Src/main.c **** /* Private variables ---------------------------------------------------------*/
  50:Core/Src/main.c **** 
  51:Core/Src/main.c **** /* USER CODE BEGIN PV */
  52:Core/Src/main.c **** extern example_ptr example_pointer;
  53:Core/Src/main.c **** 
  54:Core/Src/main.c **** /* USER CODE END PV */
  55:Core/Src/main.c **** 
  56:Core/Src/main.c **** /* Private function prototypes -----------------------------------------------*/
  57:Core/Src/main.c **** void SystemClock_Config(void);
  58:Core/Src/main.c **** /* USER CODE BEGIN PFP */
  59:Core/Src/main.c **** 
  60:Core/Src/main.c **** /* USER CODE END PFP */
  61:Core/Src/main.c **** 
  62:Core/Src/main.c **** /* Private user code ---------------------------------------------------------*/
  63:Core/Src/main.c **** /* USER CODE BEGIN 0 */
  64:Core/Src/main.c **** 
  65:Core/Src/main.c **** /* USER CODE END 0 */
  66:Core/Src/main.c **** 
  67:Core/Src/main.c **** /**
  68:Core/Src/main.c ****   * @brief  The application entry point.
  69:Core/Src/main.c ****   * @retval int
  70:Core/Src/main.c ****   */
  71:Core/Src/main.c **** int main(void)
  72:Core/Src/main.c **** {
  73:Core/Src/main.c **** 
  74:Core/Src/main.c ****   /* USER CODE BEGIN 1 */
  75:Core/Src/main.c ****   build_examples();
  76:Core/Src/main.c **** 
  77:Core/Src/main.c ****   /* USER CODE END 1 */
  78:Core/Src/main.c **** 
  79:Core/Src/main.c ****   /* MCU Configuration--------------------------------------------------------*/
  80:Core/Src/main.c **** 
  81:Core/Src/main.c ****   /* Reset of all peripherals, Initializes the Flash interface and the Systick. */
  82:Core/Src/main.c ****   HAL_Init();
ARM GAS  /tmp/ccdi4GOt.s 			page 3


  83:Core/Src/main.c **** 
  84:Core/Src/main.c ****   /* USER CODE BEGIN Init */
  85:Core/Src/main.c **** 
  86:Core/Src/main.c ****   /* USER CODE END Init */
  87:Core/Src/main.c **** 
  88:Core/Src/main.c ****   /* Configure the system clock */
  89:Core/Src/main.c ****   SystemClock_Config();
  90:Core/Src/main.c **** 
  91:Core/Src/main.c ****   /* USER CODE BEGIN SysInit */
  92:Core/Src/main.c **** 
  93:Core/Src/main.c ****   /* USER CODE END SysInit */
  94:Core/Src/main.c **** 
  95:Core/Src/main.c ****   /* Initialize all configured peripherals */
  96:Core/Src/main.c ****   MX_GPIO_Init();
  97:Core/Src/main.c ****   MX_SPI1_Init();
  98:Core/Src/main.c ****   MX_TIM2_Init();
  99:Core/Src/main.c ****   MX_USART1_UART_Init();
 100:Core/Src/main.c ****   /* USER CODE BEGIN 2 */
 101:Core/Src/main.c ****   port_DisableEXT_IRQ();
 102:Core/Src/main.c ****   example_pointer();
 103:Core/Src/main.c ****   /* USER CODE END 2 */
 104:Core/Src/main.c **** 
 105:Core/Src/main.c ****   /* Infinite loop */
 106:Core/Src/main.c ****   /* USER CODE BEGIN WHILE */
 107:Core/Src/main.c ****   while (1)
 108:Core/Src/main.c ****   {
 109:Core/Src/main.c ****     /* USER CODE END WHILE */
 110:Core/Src/main.c **** 
 111:Core/Src/main.c ****     /* USER CODE BEGIN 3 */
 112:Core/Src/main.c ****   }
 113:Core/Src/main.c ****   /* USER CODE END 3 */
 114:Core/Src/main.c **** }
 115:Core/Src/main.c **** 
 116:Core/Src/main.c **** /**
 117:Core/Src/main.c ****   * @brief System Clock Configuration
 118:Core/Src/main.c ****   * @retval None
 119:Core/Src/main.c ****   */
 120:Core/Src/main.c **** void SystemClock_Config(void)
 121:Core/Src/main.c **** {
 122:Core/Src/main.c ****   RCC_OscInitTypeDef RCC_OscInitStruct = {0};
 123:Core/Src/main.c ****   RCC_ClkInitTypeDef RCC_ClkInitStruct = {0};
 124:Core/Src/main.c ****   RCC_PeriphCLKInitTypeDef PeriphClkInit = {0};
 125:Core/Src/main.c **** 
 126:Core/Src/main.c ****   /** Initializes the RCC Oscillators according to the specified parameters
 127:Core/Src/main.c ****   * in the RCC_OscInitTypeDef structure.
 128:Core/Src/main.c ****   */
 129:Core/Src/main.c ****   RCC_OscInitStruct.OscillatorType = RCC_OSCILLATORTYPE_HSE;
 130:Core/Src/main.c ****   RCC_OscInitStruct.HSEState = RCC_HSE_ON;
 131:Core/Src/main.c ****   RCC_OscInitStruct.HSEPredivValue = RCC_HSE_PREDIV_DIV2;
 132:Core/Src/main.c ****   RCC_OscInitStruct.HSIState = RCC_HSI_ON;
 133:Core/Src/main.c ****   RCC_OscInitStruct.PLL.PLLState = RCC_PLL_ON;
 134:Core/Src/main.c ****   RCC_OscInitStruct.PLL.PLLSource = RCC_PLLSOURCE_HSE;
 135:Core/Src/main.c ****   RCC_OscInitStruct.PLL.PLLMUL = RCC_PLL_MUL9;
 136:Core/Src/main.c ****   if (HAL_RCC_OscConfig(&RCC_OscInitStruct) != HAL_OK)
 137:Core/Src/main.c ****   {
 138:Core/Src/main.c ****     Error_Handler();
 139:Core/Src/main.c ****   }
ARM GAS  /tmp/ccdi4GOt.s 			page 4


 140:Core/Src/main.c **** 
 141:Core/Src/main.c ****   /** Initializes the CPU, AHB and APB buses clocks
 142:Core/Src/main.c ****   */
 143:Core/Src/main.c ****   RCC_ClkInitStruct.ClockType = RCC_CLOCKTYPE_HCLK|RCC_CLOCKTYPE_SYSCLK
 144:Core/Src/main.c ****                               |RCC_CLOCKTYPE_PCLK1|RCC_CLOCKTYPE_PCLK2;
 145:Core/Src/main.c ****   RCC_ClkInitStruct.SYSCLKSource = RCC_SYSCLKSOURCE_PLLCLK;
 146:Core/Src/main.c ****   RCC_ClkInitStruct.AHBCLKDivider = RCC_SYSCLK_DIV1;
 147:Core/Src/main.c ****   RCC_ClkInitStruct.APB1CLKDivider = RCC_HCLK_DIV2;
 148:Core/Src/main.c ****   RCC_ClkInitStruct.APB2CLKDivider = RCC_HCLK_DIV1;
 149:Core/Src/main.c **** 
 150:Core/Src/main.c ****   if (HAL_RCC_ClockConfig(&RCC_ClkInitStruct, FLASH_LATENCY_2) != HAL_OK)
 151:Core/Src/main.c ****   {
 152:Core/Src/main.c ****     Error_Handler();
 153:Core/Src/main.c ****   }
 154:Core/Src/main.c ****   PeriphClkInit.PeriphClockSelection = RCC_PERIPHCLK_USART1;
 155:Core/Src/main.c ****   PeriphClkInit.Usart1ClockSelection = RCC_USART1CLKSOURCE_PCLK2;
 156:Core/Src/main.c ****   if (HAL_RCCEx_PeriphCLKConfig(&PeriphClkInit) != HAL_OK)
 157:Core/Src/main.c ****   {
 158:Core/Src/main.c ****     Error_Handler();
 159:Core/Src/main.c ****   }
 160:Core/Src/main.c **** }
 161:Core/Src/main.c **** 
 162:Core/Src/main.c **** /* USER CODE BEGIN 4 */
 163:Core/Src/main.c **** void test_run_info(unsigned char *data)
 164:Core/Src/main.c **** {
  34              		.loc 1 164 1 view -0
  35              		.cfi_startproc
  36              		@ args = 0, pretend = 0, frame = 0
  37              		@ frame_needed = 0, uses_anonymous_args = 0
  38              		.loc 1 164 1 is_stmt 0 view .LVU1
  39 0000 38B5     		push	{r3, r4, r5, lr}
  40              		.cfi_def_cfa_offset 16
  41              		.cfi_offset 3, -16
  42              		.cfi_offset 4, -12
  43              		.cfi_offset 5, -8
  44              		.cfi_offset 14, -4
  45 0002 0446     		mov	r4, r0
 165:Core/Src/main.c ****     uint16_t    data_length;
  46              		.loc 1 165 5 is_stmt 1 view .LVU2
 166:Core/Src/main.c **** 
 167:Core/Src/main.c ****     data_length=strlen((const char *)data);
  47              		.loc 1 167 5 view .LVU3
  48              		.loc 1 167 17 is_stmt 0 view .LVU4
  49 0004 FFF7FEFF 		bl	strlen
  50              	.LVL1:
 168:Core/Src/main.c ****     HAL_UART_Transmit(&huart1, data, data_length, 10);/*Transmit the data through USB - Virtual por
  51              		.loc 1 168 5 is_stmt 1 view .LVU5
  52 0008 064D     		ldr	r5, .L3
  53 000a 0A23     		movs	r3, #10
  54 000c 82B2     		uxth	r2, r0
  55 000e 2146     		mov	r1, r4
  56 0010 2846     		mov	r0, r5
  57              	.LVL2:
  58              		.loc 1 168 5 is_stmt 0 view .LVU6
  59 0012 FFF7FEFF 		bl	HAL_UART_Transmit
  60              	.LVL3:
 169:Core/Src/main.c ****     HAL_UART_Transmit(&huart1, (uint8_t*)"\n\r", 2, 10);/*Transmit end of line through USB - Virtua
ARM GAS  /tmp/ccdi4GOt.s 			page 5


  61              		.loc 1 169 5 is_stmt 1 view .LVU7
  62 0016 0A23     		movs	r3, #10
  63 0018 0222     		movs	r2, #2
  64 001a 0349     		ldr	r1, .L3+4
  65 001c 2846     		mov	r0, r5
  66 001e FFF7FEFF 		bl	HAL_UART_Transmit
  67              	.LVL4:
 170:Core/Src/main.c **** 
 171:Core/Src/main.c **** }
  68              		.loc 1 171 1 is_stmt 0 view .LVU8
  69 0022 38BD     		pop	{r3, r4, r5, pc}
  70              	.LVL5:
  71              	.L4:
  72              		.loc 1 171 1 view .LVU9
  73              		.align	2
  74              	.L3:
  75 0024 00000000 		.word	huart1
  76 0028 00000000 		.word	.LC0
  77              		.cfi_endproc
  78              	.LFE132:
  80              		.section	.text.Error_Handler,"ax",%progbits
  81              		.align	1
  82              		.global	Error_Handler
  83              		.syntax unified
  84              		.thumb
  85              		.thumb_func
  86              		.fpu fpv4-sp-d16
  88              	Error_Handler:
  89              	.LFB133:
 172:Core/Src/main.c **** /* USER CODE END 4 */
 173:Core/Src/main.c **** 
 174:Core/Src/main.c **** /**
 175:Core/Src/main.c ****   * @brief  This function is executed in case of error occurrence.
 176:Core/Src/main.c ****   * @retval None
 177:Core/Src/main.c ****   */
 178:Core/Src/main.c **** void Error_Handler(void)
 179:Core/Src/main.c **** {
  90              		.loc 1 179 1 is_stmt 1 view -0
  91              		.cfi_startproc
  92              		@ Volatile: function does not return.
  93              		@ args = 0, pretend = 0, frame = 0
  94              		@ frame_needed = 0, uses_anonymous_args = 0
  95              		@ link register save eliminated.
 180:Core/Src/main.c ****   /* USER CODE BEGIN Error_Handler_Debug */
 181:Core/Src/main.c ****   /* User can add his own implementation to report the HAL error return state */
 182:Core/Src/main.c ****   __disable_irq();
  96              		.loc 1 182 3 view .LVU11
  97              	.LBB4:
  98              	.LBI4:
  99              		.file 2 "Drivers/CMSIS/Include/cmsis_gcc.h"
   1:Drivers/CMSIS/Include/cmsis_gcc.h **** /**************************************************************************//**
   2:Drivers/CMSIS/Include/cmsis_gcc.h ****  * @file     cmsis_gcc.h
   3:Drivers/CMSIS/Include/cmsis_gcc.h ****  * @brief    CMSIS compiler GCC header file
   4:Drivers/CMSIS/Include/cmsis_gcc.h ****  * @version  V5.0.4
   5:Drivers/CMSIS/Include/cmsis_gcc.h ****  * @date     09. April 2018
   6:Drivers/CMSIS/Include/cmsis_gcc.h ****  ******************************************************************************/
   7:Drivers/CMSIS/Include/cmsis_gcc.h **** /*
ARM GAS  /tmp/ccdi4GOt.s 			page 6


   8:Drivers/CMSIS/Include/cmsis_gcc.h ****  * Copyright (c) 2009-2018 Arm Limited. All rights reserved.
   9:Drivers/CMSIS/Include/cmsis_gcc.h ****  *
  10:Drivers/CMSIS/Include/cmsis_gcc.h ****  * SPDX-License-Identifier: Apache-2.0
  11:Drivers/CMSIS/Include/cmsis_gcc.h ****  *
  12:Drivers/CMSIS/Include/cmsis_gcc.h ****  * Licensed under the Apache License, Version 2.0 (the License); you may
  13:Drivers/CMSIS/Include/cmsis_gcc.h ****  * not use this file except in compliance with the License.
  14:Drivers/CMSIS/Include/cmsis_gcc.h ****  * You may obtain a copy of the License at
  15:Drivers/CMSIS/Include/cmsis_gcc.h ****  *
  16:Drivers/CMSIS/Include/cmsis_gcc.h ****  * www.apache.org/licenses/LICENSE-2.0
  17:Drivers/CMSIS/Include/cmsis_gcc.h ****  *
  18:Drivers/CMSIS/Include/cmsis_gcc.h ****  * Unless required by applicable law or agreed to in writing, software
  19:Drivers/CMSIS/Include/cmsis_gcc.h ****  * distributed under the License is distributed on an AS IS BASIS, WITHOUT
  20:Drivers/CMSIS/Include/cmsis_gcc.h ****  * WARRANTIES OR CONDITIONS OF ANY KIND, either express or implied.
  21:Drivers/CMSIS/Include/cmsis_gcc.h ****  * See the License for the specific language governing permissions and
  22:Drivers/CMSIS/Include/cmsis_gcc.h ****  * limitations under the License.
  23:Drivers/CMSIS/Include/cmsis_gcc.h ****  */
  24:Drivers/CMSIS/Include/cmsis_gcc.h **** 
  25:Drivers/CMSIS/Include/cmsis_gcc.h **** #ifndef __CMSIS_GCC_H
  26:Drivers/CMSIS/Include/cmsis_gcc.h **** #define __CMSIS_GCC_H
  27:Drivers/CMSIS/Include/cmsis_gcc.h **** 
  28:Drivers/CMSIS/Include/cmsis_gcc.h **** /* ignore some GCC warnings */
  29:Drivers/CMSIS/Include/cmsis_gcc.h **** #pragma GCC diagnostic push
  30:Drivers/CMSIS/Include/cmsis_gcc.h **** #pragma GCC diagnostic ignored "-Wsign-conversion"
  31:Drivers/CMSIS/Include/cmsis_gcc.h **** #pragma GCC diagnostic ignored "-Wconversion"
  32:Drivers/CMSIS/Include/cmsis_gcc.h **** #pragma GCC diagnostic ignored "-Wunused-parameter"
  33:Drivers/CMSIS/Include/cmsis_gcc.h **** 
  34:Drivers/CMSIS/Include/cmsis_gcc.h **** /* Fallback for __has_builtin */
  35:Drivers/CMSIS/Include/cmsis_gcc.h **** #ifndef __has_builtin
  36:Drivers/CMSIS/Include/cmsis_gcc.h ****   #define __has_builtin(x) (0)
  37:Drivers/CMSIS/Include/cmsis_gcc.h **** #endif
  38:Drivers/CMSIS/Include/cmsis_gcc.h **** 
  39:Drivers/CMSIS/Include/cmsis_gcc.h **** /* CMSIS compiler specific defines */
  40:Drivers/CMSIS/Include/cmsis_gcc.h **** #ifndef   __ASM
  41:Drivers/CMSIS/Include/cmsis_gcc.h ****   #define __ASM                                  __asm
  42:Drivers/CMSIS/Include/cmsis_gcc.h **** #endif
  43:Drivers/CMSIS/Include/cmsis_gcc.h **** #ifndef   __INLINE
  44:Drivers/CMSIS/Include/cmsis_gcc.h ****   #define __INLINE                               inline
  45:Drivers/CMSIS/Include/cmsis_gcc.h **** #endif
  46:Drivers/CMSIS/Include/cmsis_gcc.h **** #ifndef   __STATIC_INLINE
  47:Drivers/CMSIS/Include/cmsis_gcc.h ****   #define __STATIC_INLINE                        static inline
  48:Drivers/CMSIS/Include/cmsis_gcc.h **** #endif
  49:Drivers/CMSIS/Include/cmsis_gcc.h **** #ifndef   __STATIC_FORCEINLINE                 
  50:Drivers/CMSIS/Include/cmsis_gcc.h ****   #define __STATIC_FORCEINLINE                   __attribute__((always_inline)) static inline
  51:Drivers/CMSIS/Include/cmsis_gcc.h **** #endif                                           
  52:Drivers/CMSIS/Include/cmsis_gcc.h **** #ifndef   __NO_RETURN
  53:Drivers/CMSIS/Include/cmsis_gcc.h ****   #define __NO_RETURN                            __attribute__((__noreturn__))
  54:Drivers/CMSIS/Include/cmsis_gcc.h **** #endif
  55:Drivers/CMSIS/Include/cmsis_gcc.h **** #ifndef   __USED
  56:Drivers/CMSIS/Include/cmsis_gcc.h ****   #define __USED                                 __attribute__((used))
  57:Drivers/CMSIS/Include/cmsis_gcc.h **** #endif
  58:Drivers/CMSIS/Include/cmsis_gcc.h **** #ifndef   __WEAK
  59:Drivers/CMSIS/Include/cmsis_gcc.h ****   #define __WEAK                                 __attribute__((weak))
  60:Drivers/CMSIS/Include/cmsis_gcc.h **** #endif
  61:Drivers/CMSIS/Include/cmsis_gcc.h **** #ifndef   __PACKED
  62:Drivers/CMSIS/Include/cmsis_gcc.h ****   #define __PACKED                               __attribute__((packed, aligned(1)))
  63:Drivers/CMSIS/Include/cmsis_gcc.h **** #endif
  64:Drivers/CMSIS/Include/cmsis_gcc.h **** #ifndef   __PACKED_STRUCT
ARM GAS  /tmp/ccdi4GOt.s 			page 7


  65:Drivers/CMSIS/Include/cmsis_gcc.h ****   #define __PACKED_STRUCT                        struct __attribute__((packed, aligned(1)))
  66:Drivers/CMSIS/Include/cmsis_gcc.h **** #endif
  67:Drivers/CMSIS/Include/cmsis_gcc.h **** #ifndef   __PACKED_UNION
  68:Drivers/CMSIS/Include/cmsis_gcc.h ****   #define __PACKED_UNION                         union __attribute__((packed, aligned(1)))
  69:Drivers/CMSIS/Include/cmsis_gcc.h **** #endif
  70:Drivers/CMSIS/Include/cmsis_gcc.h **** #ifndef   __UNALIGNED_UINT32        /* deprecated */
  71:Drivers/CMSIS/Include/cmsis_gcc.h ****   #pragma GCC diagnostic push
  72:Drivers/CMSIS/Include/cmsis_gcc.h ****   #pragma GCC diagnostic ignored "-Wpacked"
  73:Drivers/CMSIS/Include/cmsis_gcc.h ****   #pragma GCC diagnostic ignored "-Wattributes"
  74:Drivers/CMSIS/Include/cmsis_gcc.h ****   struct __attribute__((packed)) T_UINT32 { uint32_t v; };
  75:Drivers/CMSIS/Include/cmsis_gcc.h ****   #pragma GCC diagnostic pop
  76:Drivers/CMSIS/Include/cmsis_gcc.h ****   #define __UNALIGNED_UINT32(x)                  (((struct T_UINT32 *)(x))->v)
  77:Drivers/CMSIS/Include/cmsis_gcc.h **** #endif
  78:Drivers/CMSIS/Include/cmsis_gcc.h **** #ifndef   __UNALIGNED_UINT16_WRITE
  79:Drivers/CMSIS/Include/cmsis_gcc.h ****   #pragma GCC diagnostic push
  80:Drivers/CMSIS/Include/cmsis_gcc.h ****   #pragma GCC diagnostic ignored "-Wpacked"
  81:Drivers/CMSIS/Include/cmsis_gcc.h ****   #pragma GCC diagnostic ignored "-Wattributes"
  82:Drivers/CMSIS/Include/cmsis_gcc.h ****   __PACKED_STRUCT T_UINT16_WRITE { uint16_t v; };
  83:Drivers/CMSIS/Include/cmsis_gcc.h ****   #pragma GCC diagnostic pop
  84:Drivers/CMSIS/Include/cmsis_gcc.h ****   #define __UNALIGNED_UINT16_WRITE(addr, val)    (void)((((struct T_UINT16_WRITE *)(void *)(addr))-
  85:Drivers/CMSIS/Include/cmsis_gcc.h **** #endif
  86:Drivers/CMSIS/Include/cmsis_gcc.h **** #ifndef   __UNALIGNED_UINT16_READ
  87:Drivers/CMSIS/Include/cmsis_gcc.h ****   #pragma GCC diagnostic push
  88:Drivers/CMSIS/Include/cmsis_gcc.h ****   #pragma GCC diagnostic ignored "-Wpacked"
  89:Drivers/CMSIS/Include/cmsis_gcc.h ****   #pragma GCC diagnostic ignored "-Wattributes"
  90:Drivers/CMSIS/Include/cmsis_gcc.h ****   __PACKED_STRUCT T_UINT16_READ { uint16_t v; };
  91:Drivers/CMSIS/Include/cmsis_gcc.h ****   #pragma GCC diagnostic pop
  92:Drivers/CMSIS/Include/cmsis_gcc.h ****   #define __UNALIGNED_UINT16_READ(addr)          (((const struct T_UINT16_READ *)(const void *)(add
  93:Drivers/CMSIS/Include/cmsis_gcc.h **** #endif
  94:Drivers/CMSIS/Include/cmsis_gcc.h **** #ifndef   __UNALIGNED_UINT32_WRITE
  95:Drivers/CMSIS/Include/cmsis_gcc.h ****   #pragma GCC diagnostic push
  96:Drivers/CMSIS/Include/cmsis_gcc.h ****   #pragma GCC diagnostic ignored "-Wpacked"
  97:Drivers/CMSIS/Include/cmsis_gcc.h ****   #pragma GCC diagnostic ignored "-Wattributes"
  98:Drivers/CMSIS/Include/cmsis_gcc.h ****   __PACKED_STRUCT T_UINT32_WRITE { uint32_t v; };
  99:Drivers/CMSIS/Include/cmsis_gcc.h ****   #pragma GCC diagnostic pop
 100:Drivers/CMSIS/Include/cmsis_gcc.h ****   #define __UNALIGNED_UINT32_WRITE(addr, val)    (void)((((struct T_UINT32_WRITE *)(void *)(addr))-
 101:Drivers/CMSIS/Include/cmsis_gcc.h **** #endif
 102:Drivers/CMSIS/Include/cmsis_gcc.h **** #ifndef   __UNALIGNED_UINT32_READ
 103:Drivers/CMSIS/Include/cmsis_gcc.h ****   #pragma GCC diagnostic push
 104:Drivers/CMSIS/Include/cmsis_gcc.h ****   #pragma GCC diagnostic ignored "-Wpacked"
 105:Drivers/CMSIS/Include/cmsis_gcc.h ****   #pragma GCC diagnostic ignored "-Wattributes"
 106:Drivers/CMSIS/Include/cmsis_gcc.h ****   __PACKED_STRUCT T_UINT32_READ { uint32_t v; };
 107:Drivers/CMSIS/Include/cmsis_gcc.h ****   #pragma GCC diagnostic pop
 108:Drivers/CMSIS/Include/cmsis_gcc.h ****   #define __UNALIGNED_UINT32_READ(addr)          (((const struct T_UINT32_READ *)(const void *)(add
 109:Drivers/CMSIS/Include/cmsis_gcc.h **** #endif
 110:Drivers/CMSIS/Include/cmsis_gcc.h **** #ifndef   __ALIGNED
 111:Drivers/CMSIS/Include/cmsis_gcc.h ****   #define __ALIGNED(x)                           __attribute__((aligned(x)))
 112:Drivers/CMSIS/Include/cmsis_gcc.h **** #endif
 113:Drivers/CMSIS/Include/cmsis_gcc.h **** #ifndef   __RESTRICT
 114:Drivers/CMSIS/Include/cmsis_gcc.h ****   #define __RESTRICT                             __restrict
 115:Drivers/CMSIS/Include/cmsis_gcc.h **** #endif
 116:Drivers/CMSIS/Include/cmsis_gcc.h **** 
 117:Drivers/CMSIS/Include/cmsis_gcc.h **** 
 118:Drivers/CMSIS/Include/cmsis_gcc.h **** /* ###########################  Core Function Access  ########################### */
 119:Drivers/CMSIS/Include/cmsis_gcc.h **** /** \ingroup  CMSIS_Core_FunctionInterface
 120:Drivers/CMSIS/Include/cmsis_gcc.h ****     \defgroup CMSIS_Core_RegAccFunctions CMSIS Core Register Access Functions
 121:Drivers/CMSIS/Include/cmsis_gcc.h ****   @{
ARM GAS  /tmp/ccdi4GOt.s 			page 8


 122:Drivers/CMSIS/Include/cmsis_gcc.h ****  */
 123:Drivers/CMSIS/Include/cmsis_gcc.h **** 
 124:Drivers/CMSIS/Include/cmsis_gcc.h **** /**
 125:Drivers/CMSIS/Include/cmsis_gcc.h ****   \brief   Enable IRQ Interrupts
 126:Drivers/CMSIS/Include/cmsis_gcc.h ****   \details Enables IRQ interrupts by clearing the I-bit in the CPSR.
 127:Drivers/CMSIS/Include/cmsis_gcc.h ****            Can only be executed in Privileged modes.
 128:Drivers/CMSIS/Include/cmsis_gcc.h ****  */
 129:Drivers/CMSIS/Include/cmsis_gcc.h **** __STATIC_FORCEINLINE void __enable_irq(void)
 130:Drivers/CMSIS/Include/cmsis_gcc.h **** {
 131:Drivers/CMSIS/Include/cmsis_gcc.h ****   __ASM volatile ("cpsie i" : : : "memory");
 132:Drivers/CMSIS/Include/cmsis_gcc.h **** }
 133:Drivers/CMSIS/Include/cmsis_gcc.h **** 
 134:Drivers/CMSIS/Include/cmsis_gcc.h **** 
 135:Drivers/CMSIS/Include/cmsis_gcc.h **** /**
 136:Drivers/CMSIS/Include/cmsis_gcc.h ****   \brief   Disable IRQ Interrupts
 137:Drivers/CMSIS/Include/cmsis_gcc.h ****   \details Disables IRQ interrupts by setting the I-bit in the CPSR.
 138:Drivers/CMSIS/Include/cmsis_gcc.h ****            Can only be executed in Privileged modes.
 139:Drivers/CMSIS/Include/cmsis_gcc.h ****  */
 140:Drivers/CMSIS/Include/cmsis_gcc.h **** __STATIC_FORCEINLINE void __disable_irq(void)
 100              		.loc 2 140 27 view .LVU12
 101              	.LBB5:
 141:Drivers/CMSIS/Include/cmsis_gcc.h **** {
 142:Drivers/CMSIS/Include/cmsis_gcc.h ****   __ASM volatile ("cpsid i" : : : "memory");
 102              		.loc 2 142 3 view .LVU13
 103              		.syntax unified
 104              	@ 142 "Drivers/CMSIS/Include/cmsis_gcc.h" 1
 105 0000 72B6     		cpsid i
 106              	@ 0 "" 2
 107              		.thumb
 108              		.syntax unified
 109              	.L6:
 110              	.LBE5:
 111              	.LBE4:
 183:Core/Src/main.c ****   while (1)
 112              		.loc 1 183 3 discriminator 1 view .LVU14
 184:Core/Src/main.c ****   {
 185:Core/Src/main.c ****   }
 113              		.loc 1 185 3 discriminator 1 view .LVU15
 183:Core/Src/main.c ****   while (1)
 114              		.loc 1 183 9 discriminator 1 view .LVU16
 115 0002 FEE7     		b	.L6
 116              		.cfi_endproc
 117              	.LFE133:
 119              		.section	.text.SystemClock_Config,"ax",%progbits
 120              		.align	1
 121              		.global	SystemClock_Config
 122              		.syntax unified
 123              		.thumb
 124              		.thumb_func
 125              		.fpu fpv4-sp-d16
 127              	SystemClock_Config:
 128              	.LFB131:
 121:Core/Src/main.c ****   RCC_OscInitTypeDef RCC_OscInitStruct = {0};
 129              		.loc 1 121 1 view -0
 130              		.cfi_startproc
 131              		@ args = 0, pretend = 0, frame = 120
 132              		@ frame_needed = 0, uses_anonymous_args = 0
ARM GAS  /tmp/ccdi4GOt.s 			page 9


 133 0000 00B5     		push	{lr}
 134              		.cfi_def_cfa_offset 4
 135              		.cfi_offset 14, -4
 136 0002 9FB0     		sub	sp, sp, #124
 137              		.cfi_def_cfa_offset 128
 122:Core/Src/main.c ****   RCC_ClkInitTypeDef RCC_ClkInitStruct = {0};
 138              		.loc 1 122 3 view .LVU18
 122:Core/Src/main.c ****   RCC_ClkInitTypeDef RCC_ClkInitStruct = {0};
 139              		.loc 1 122 22 is_stmt 0 view .LVU19
 140 0004 2822     		movs	r2, #40
 141 0006 0021     		movs	r1, #0
 142 0008 14A8     		add	r0, sp, #80
 143 000a FFF7FEFF 		bl	memset
 144              	.LVL6:
 123:Core/Src/main.c ****   RCC_PeriphCLKInitTypeDef PeriphClkInit = {0};
 145              		.loc 1 123 3 is_stmt 1 view .LVU20
 123:Core/Src/main.c ****   RCC_PeriphCLKInitTypeDef PeriphClkInit = {0};
 146              		.loc 1 123 22 is_stmt 0 view .LVU21
 147 000e 0021     		movs	r1, #0
 148 0010 0F91     		str	r1, [sp, #60]
 149 0012 1091     		str	r1, [sp, #64]
 150 0014 1191     		str	r1, [sp, #68]
 151 0016 1291     		str	r1, [sp, #72]
 152 0018 1391     		str	r1, [sp, #76]
 124:Core/Src/main.c **** 
 153              		.loc 1 124 3 is_stmt 1 view .LVU22
 124:Core/Src/main.c **** 
 154              		.loc 1 124 28 is_stmt 0 view .LVU23
 155 001a 3C22     		movs	r2, #60
 156 001c 6846     		mov	r0, sp
 157 001e FFF7FEFF 		bl	memset
 158              	.LVL7:
 129:Core/Src/main.c ****   RCC_OscInitStruct.HSEState = RCC_HSE_ON;
 159              		.loc 1 129 3 is_stmt 1 view .LVU24
 129:Core/Src/main.c ****   RCC_OscInitStruct.HSEState = RCC_HSE_ON;
 160              		.loc 1 129 36 is_stmt 0 view .LVU25
 161 0022 0123     		movs	r3, #1
 162 0024 1493     		str	r3, [sp, #80]
 130:Core/Src/main.c ****   RCC_OscInitStruct.HSEPredivValue = RCC_HSE_PREDIV_DIV2;
 163              		.loc 1 130 3 is_stmt 1 view .LVU26
 130:Core/Src/main.c ****   RCC_OscInitStruct.HSEPredivValue = RCC_HSE_PREDIV_DIV2;
 164              		.loc 1 130 30 is_stmt 0 view .LVU27
 165 0026 4FF48032 		mov	r2, #65536
 166 002a 1592     		str	r2, [sp, #84]
 131:Core/Src/main.c ****   RCC_OscInitStruct.HSIState = RCC_HSI_ON;
 167              		.loc 1 131 3 is_stmt 1 view .LVU28
 131:Core/Src/main.c ****   RCC_OscInitStruct.HSIState = RCC_HSI_ON;
 168              		.loc 1 131 36 is_stmt 0 view .LVU29
 169 002c 1693     		str	r3, [sp, #88]
 132:Core/Src/main.c ****   RCC_OscInitStruct.PLL.PLLState = RCC_PLL_ON;
 170              		.loc 1 132 3 is_stmt 1 view .LVU30
 132:Core/Src/main.c ****   RCC_OscInitStruct.PLL.PLLState = RCC_PLL_ON;
 171              		.loc 1 132 30 is_stmt 0 view .LVU31
 172 002e 1893     		str	r3, [sp, #96]
 133:Core/Src/main.c ****   RCC_OscInitStruct.PLL.PLLSource = RCC_PLLSOURCE_HSE;
 173              		.loc 1 133 3 is_stmt 1 view .LVU32
 133:Core/Src/main.c ****   RCC_OscInitStruct.PLL.PLLSource = RCC_PLLSOURCE_HSE;
ARM GAS  /tmp/ccdi4GOt.s 			page 10


 174              		.loc 1 133 34 is_stmt 0 view .LVU33
 175 0030 0223     		movs	r3, #2
 176 0032 1B93     		str	r3, [sp, #108]
 134:Core/Src/main.c ****   RCC_OscInitStruct.PLL.PLLMUL = RCC_PLL_MUL9;
 177              		.loc 1 134 3 is_stmt 1 view .LVU34
 134:Core/Src/main.c ****   RCC_OscInitStruct.PLL.PLLMUL = RCC_PLL_MUL9;
 178              		.loc 1 134 35 is_stmt 0 view .LVU35
 179 0034 1C92     		str	r2, [sp, #112]
 135:Core/Src/main.c ****   if (HAL_RCC_OscConfig(&RCC_OscInitStruct) != HAL_OK)
 180              		.loc 1 135 3 is_stmt 1 view .LVU36
 135:Core/Src/main.c ****   if (HAL_RCC_OscConfig(&RCC_OscInitStruct) != HAL_OK)
 181              		.loc 1 135 32 is_stmt 0 view .LVU37
 182 0036 4FF4E013 		mov	r3, #1835008
 183 003a 1D93     		str	r3, [sp, #116]
 136:Core/Src/main.c ****   {
 184              		.loc 1 136 3 is_stmt 1 view .LVU38
 136:Core/Src/main.c ****   {
 185              		.loc 1 136 7 is_stmt 0 view .LVU39
 186 003c 14A8     		add	r0, sp, #80
 187 003e FFF7FEFF 		bl	HAL_RCC_OscConfig
 188              	.LVL8:
 136:Core/Src/main.c ****   {
 189              		.loc 1 136 6 view .LVU40
 190 0042 C0B9     		cbnz	r0, .L12
 143:Core/Src/main.c ****                               |RCC_CLOCKTYPE_PCLK1|RCC_CLOCKTYPE_PCLK2;
 191              		.loc 1 143 3 is_stmt 1 view .LVU41
 143:Core/Src/main.c ****                               |RCC_CLOCKTYPE_PCLK1|RCC_CLOCKTYPE_PCLK2;
 192              		.loc 1 143 31 is_stmt 0 view .LVU42
 193 0044 0F23     		movs	r3, #15
 194 0046 0F93     		str	r3, [sp, #60]
 145:Core/Src/main.c ****   RCC_ClkInitStruct.AHBCLKDivider = RCC_SYSCLK_DIV1;
 195              		.loc 1 145 3 is_stmt 1 view .LVU43
 145:Core/Src/main.c ****   RCC_ClkInitStruct.AHBCLKDivider = RCC_SYSCLK_DIV1;
 196              		.loc 1 145 34 is_stmt 0 view .LVU44
 197 0048 0221     		movs	r1, #2
 198 004a 1091     		str	r1, [sp, #64]
 146:Core/Src/main.c ****   RCC_ClkInitStruct.APB1CLKDivider = RCC_HCLK_DIV2;
 199              		.loc 1 146 3 is_stmt 1 view .LVU45
 146:Core/Src/main.c ****   RCC_ClkInitStruct.APB1CLKDivider = RCC_HCLK_DIV2;
 200              		.loc 1 146 35 is_stmt 0 view .LVU46
 201 004c 0023     		movs	r3, #0
 202 004e 1193     		str	r3, [sp, #68]
 147:Core/Src/main.c ****   RCC_ClkInitStruct.APB2CLKDivider = RCC_HCLK_DIV1;
 203              		.loc 1 147 3 is_stmt 1 view .LVU47
 147:Core/Src/main.c ****   RCC_ClkInitStruct.APB2CLKDivider = RCC_HCLK_DIV1;
 204              		.loc 1 147 36 is_stmt 0 view .LVU48
 205 0050 4FF48062 		mov	r2, #1024
 206 0054 1292     		str	r2, [sp, #72]
 148:Core/Src/main.c **** 
 207              		.loc 1 148 3 is_stmt 1 view .LVU49
 148:Core/Src/main.c **** 
 208              		.loc 1 148 36 is_stmt 0 view .LVU50
 209 0056 1393     		str	r3, [sp, #76]
 150:Core/Src/main.c ****   {
 210              		.loc 1 150 3 is_stmt 1 view .LVU51
 150:Core/Src/main.c ****   {
 211              		.loc 1 150 7 is_stmt 0 view .LVU52
ARM GAS  /tmp/ccdi4GOt.s 			page 11


 212 0058 0FA8     		add	r0, sp, #60
 213 005a FFF7FEFF 		bl	HAL_RCC_ClockConfig
 214              	.LVL9:
 150:Core/Src/main.c ****   {
 215              		.loc 1 150 6 view .LVU53
 216 005e 60B9     		cbnz	r0, .L13
 154:Core/Src/main.c ****   PeriphClkInit.Usart1ClockSelection = RCC_USART1CLKSOURCE_PCLK2;
 217              		.loc 1 154 3 is_stmt 1 view .LVU54
 154:Core/Src/main.c ****   PeriphClkInit.Usart1ClockSelection = RCC_USART1CLKSOURCE_PCLK2;
 218              		.loc 1 154 38 is_stmt 0 view .LVU55
 219 0060 0123     		movs	r3, #1
 220 0062 0093     		str	r3, [sp]
 155:Core/Src/main.c ****   if (HAL_RCCEx_PeriphCLKConfig(&PeriphClkInit) != HAL_OK)
 221              		.loc 1 155 3 is_stmt 1 view .LVU56
 155:Core/Src/main.c ****   if (HAL_RCCEx_PeriphCLKConfig(&PeriphClkInit) != HAL_OK)
 222              		.loc 1 155 38 is_stmt 0 view .LVU57
 223 0064 0023     		movs	r3, #0
 224 0066 0293     		str	r3, [sp, #8]
 156:Core/Src/main.c ****   {
 225              		.loc 1 156 3 is_stmt 1 view .LVU58
 156:Core/Src/main.c ****   {
 226              		.loc 1 156 7 is_stmt 0 view .LVU59
 227 0068 6846     		mov	r0, sp
 228 006a FFF7FEFF 		bl	HAL_RCCEx_PeriphCLKConfig
 229              	.LVL10:
 156:Core/Src/main.c ****   {
 230              		.loc 1 156 6 view .LVU60
 231 006e 30B9     		cbnz	r0, .L14
 160:Core/Src/main.c **** 
 232              		.loc 1 160 1 view .LVU61
 233 0070 1FB0     		add	sp, sp, #124
 234              		.cfi_remember_state
 235              		.cfi_def_cfa_offset 4
 236              		@ sp needed
 237 0072 5DF804FB 		ldr	pc, [sp], #4
 238              	.L12:
 239              		.cfi_restore_state
 138:Core/Src/main.c ****   }
 240              		.loc 1 138 5 is_stmt 1 view .LVU62
 241 0076 FFF7FEFF 		bl	Error_Handler
 242              	.LVL11:
 243              	.L13:
 152:Core/Src/main.c ****   }
 244              		.loc 1 152 5 view .LVU63
 245 007a FFF7FEFF 		bl	Error_Handler
 246              	.LVL12:
 247              	.L14:
 158:Core/Src/main.c ****   }
 248              		.loc 1 158 5 view .LVU64
 249 007e FFF7FEFF 		bl	Error_Handler
 250              	.LVL13:
 251              		.cfi_endproc
 252              	.LFE131:
 254              		.section	.text.main,"ax",%progbits
 255              		.align	1
 256              		.global	main
 257              		.syntax unified
ARM GAS  /tmp/ccdi4GOt.s 			page 12


 258              		.thumb
 259              		.thumb_func
 260              		.fpu fpv4-sp-d16
 262              	main:
 263              	.LFB130:
  72:Core/Src/main.c **** 
 264              		.loc 1 72 1 view -0
 265              		.cfi_startproc
 266              		@ Volatile: function does not return.
 267              		@ args = 0, pretend = 0, frame = 0
 268              		@ frame_needed = 0, uses_anonymous_args = 0
 269 0000 08B5     		push	{r3, lr}
 270              		.cfi_def_cfa_offset 8
 271              		.cfi_offset 3, -8
 272              		.cfi_offset 14, -4
  75:Core/Src/main.c **** 
 273              		.loc 1 75 3 view .LVU66
 274 0002 FFF7FEFF 		bl	build_examples
 275              	.LVL14:
  82:Core/Src/main.c **** 
 276              		.loc 1 82 3 view .LVU67
 277 0006 FFF7FEFF 		bl	HAL_Init
 278              	.LVL15:
  89:Core/Src/main.c **** 
 279              		.loc 1 89 3 view .LVU68
 280 000a FFF7FEFF 		bl	SystemClock_Config
 281              	.LVL16:
  96:Core/Src/main.c ****   MX_SPI1_Init();
 282              		.loc 1 96 3 view .LVU69
 283 000e FFF7FEFF 		bl	MX_GPIO_Init
 284              	.LVL17:
  97:Core/Src/main.c ****   MX_TIM2_Init();
 285              		.loc 1 97 3 view .LVU70
 286 0012 FFF7FEFF 		bl	MX_SPI1_Init
 287              	.LVL18:
  98:Core/Src/main.c ****   MX_USART1_UART_Init();
 288              		.loc 1 98 3 view .LVU71
 289 0016 FFF7FEFF 		bl	MX_TIM2_Init
 290              	.LVL19:
  99:Core/Src/main.c ****   /* USER CODE BEGIN 2 */
 291              		.loc 1 99 3 view .LVU72
 292 001a FFF7FEFF 		bl	MX_USART1_UART_Init
 293              	.LVL20:
 101:Core/Src/main.c ****   example_pointer();
 294              		.loc 1 101 3 view .LVU73
 295 001e FFF7FEFF 		bl	port_DisableEXT_IRQ
 296              	.LVL21:
 102:Core/Src/main.c ****   /* USER CODE END 2 */
 297              		.loc 1 102 3 view .LVU74
 298 0022 024B     		ldr	r3, .L18
 299 0024 1B68     		ldr	r3, [r3]
 300 0026 9847     		blx	r3
 301              	.LVL22:
 302              	.L16:
 107:Core/Src/main.c ****   {
 303              		.loc 1 107 3 discriminator 1 view .LVU75
 112:Core/Src/main.c ****   /* USER CODE END 3 */
ARM GAS  /tmp/ccdi4GOt.s 			page 13


 304              		.loc 1 112 3 discriminator 1 view .LVU76
 107:Core/Src/main.c ****   {
 305              		.loc 1 107 9 discriminator 1 view .LVU77
 306 0028 FEE7     		b	.L16
 307              	.L19:
 308 002a 00BF     		.align	2
 309              	.L18:
 310 002c 00000000 		.word	example_pointer
 311              		.cfi_endproc
 312              	.LFE130:
 314              		.text
 315              	.Letext0:
 316              		.file 3 "/usr/lib/gcc/arm-none-eabi/10.3.1/include/stdint.h"
 317              		.file 4 "Drivers/CMSIS/Device/ST/STM32F3xx/Include/stm32f303xc.h"
 318              		.file 5 "Drivers/STM32F3xx_HAL_Driver/Inc/stm32f3xx_hal_def.h"
 319              		.file 6 "Drivers/STM32F3xx_HAL_Driver/Inc/stm32f3xx_hal_rcc.h"
 320              		.file 7 "Drivers/STM32F3xx_HAL_Driver/Inc/stm32f3xx_hal_rcc_ex.h"
 321              		.file 8 "Drivers/STM32F3xx_HAL_Driver/Inc/stm32f3xx_hal_dma.h"
 322              		.file 9 "Drivers/STM32F3xx_HAL_Driver/Inc/stm32f3xx_hal_uart.h"
 323              		.file 10 "Core/Inc/examples_defines.h"
 324              		.file 11 "Core/Inc/usart.h"
 325              		.file 12 "/usr/include/newlib/string.h"
 326              		.file 13 "Drivers/STM32F3xx_HAL_Driver/Inc/stm32f3xx_hal.h"
 327              		.file 14 "Core/Inc/gpio.h"
 328              		.file 15 "Core/Inc/spi.h"
 329              		.file 16 "Core/Inc/tim.h"
 330              		.file 17 "Core/Inc/port.h"
 331              		.file 18 "<built-in>"
ARM GAS  /tmp/ccdi4GOt.s 			page 14


DEFINED SYMBOLS
                            *ABS*:0000000000000000 main.c
     /tmp/ccdi4GOt.s:18     .rodata.test_run_info.str1.4:0000000000000000 $d
     /tmp/ccdi4GOt.s:22     .text.test_run_info:0000000000000000 $t
     /tmp/ccdi4GOt.s:30     .text.test_run_info:0000000000000000 test_run_info
     /tmp/ccdi4GOt.s:75     .text.test_run_info:0000000000000024 $d
     /tmp/ccdi4GOt.s:81     .text.Error_Handler:0000000000000000 $t
     /tmp/ccdi4GOt.s:88     .text.Error_Handler:0000000000000000 Error_Handler
     /tmp/ccdi4GOt.s:120    .text.SystemClock_Config:0000000000000000 $t
     /tmp/ccdi4GOt.s:127    .text.SystemClock_Config:0000000000000000 SystemClock_Config
     /tmp/ccdi4GOt.s:255    .text.main:0000000000000000 $t
     /tmp/ccdi4GOt.s:262    .text.main:0000000000000000 main
     /tmp/ccdi4GOt.s:310    .text.main:000000000000002c $d

UNDEFINED SYMBOLS
strlen
HAL_UART_Transmit
huart1
memset
HAL_RCC_OscConfig
HAL_RCC_ClockConfig
HAL_RCCEx_PeriphCLKConfig
build_examples
HAL_Init
MX_GPIO_Init
MX_SPI1_Init
MX_TIM2_Init
MX_USART1_UART_Init
port_DisableEXT_IRQ
example_pointer
